# JRE version: Java(TM) SE Runtime Environment (21.0.2+13) (build 21.0.2+13-LTS-58)
# Java VM: Java HotSpot(TM) 64-Bit Server VM (21.0.2+13-LTS-58, mixed mode, sharing, tiered, compressed oops, compressed class ptrs, g1 gc, windows-amd64)
GC Precious Log:
 CardTable entry size: 512
 Card Set container configuration: InlinePtr #cards 4 size 8 Array Of Cards #cards 16 size 48 Howl #buckets 8 coarsen threshold 3686 Howl Bitmap #cards 512 size 80 coarsen threshold 460 Card regions per heap region 1 cards per card region 4096
 CPUs: 4 total, 4 available
 Memory: 12154M
 Large Page Support: Disabled
 NUMA Support: Disabled
 Compressed Oops: Enabled (Zero based)
 Heap Region Size: 2M
 Heap Min Capacity: 8M
 Heap Initial Capacity: 190M
 Heap Max Capacity: 3040M
 Pre-touch: Disabled
 Parallel Workers: 4
 Concurrent Workers: 1
 Concurrent Refinement Workers: 4
 Periodic GC: Disabled
Heap:
 garbage-first heap   total 67584K, used 30875K [0x0000000742000000, 0x0000000800000000)
  region size 2048K, 5 young (10240K), 2 survivors (4096K)
 Metaspace       used 64564K, committed 65152K, reserved 1114112K
  class space    used 8688K, committed 8960K, reserved 1048576K
GC Heap History (20 events):
Event: 5.510 GC heap before
{Heap before GC invocations=3 (full 0):
 garbage-first heap   total 194560K, used 45786K [0x0000000742000000, 0x0000000800000000)
  region size 2048K, 22 young (45056K), 2 survivors (4096K)
 Metaspace       used 21200K, committed 21504K, reserved 1114112K
  class space    used 2650K, committed 2816K, reserved 1048576K
}
Event: 5.526 GC heap after
{Heap after GC invocations=4 (full 0):
 garbage-first heap   total 194560K, used 12879K [0x0000000742000000, 0x0000000800000000)
  region size 2048K, 4 young (8192K), 4 survivors (8192K)
 Metaspace       used 21200K, committed 21504K, reserved 1114112K
  class space    used 2650K, committed 2816K, reserved 1048576K
}
Event: 7.864 GC heap before
{Heap before GC invocations=5 (full 0):
 garbage-first heap   total 55296K, used 35407K [0x0000000742000000, 0x0000000800000000)
  region size 2048K, 16 young (32768K), 4 survivors (8192K)
 Metaspace       used 24224K, committed 24576K, reserved 1114112K
  class space    used 3037K, committed 3200K, reserved 1048576K
}
Event: 7.879 GC heap after
{Heap after GC invocations=6 (full 0):
 garbage-first heap   total 55296K, used 13764K [0x0000000742000000, 0x0000000800000000)
  region size 2048K, 1 young (2048K), 1 survivors (2048K)
 Metaspace       used 24224K, committed 24576K, reserved 1114112K
  class space    used 3037K, committed 3200K, reserved 1048576K
}
Event: 9.962 GC heap before
{Heap before GC invocations=6 (full 0):
 garbage-first heap   total 55296K, used 42436K [0x0000000742000000, 0x0000000800000000)
  region size 2048K, 15 young (30720K), 1 survivors (2048K)
 Metaspace       used 29771K, committed 30336K, reserved 1114112K
  class space    used 3834K, committed 4096K, reserved 1048576K
}
Event: 9.972 GC heap after
{Heap after GC invocations=7 (full 0):
 garbage-first heap   total 55296K, used 16966K [0x0000000742000000, 0x0000000800000000)
  region size 2048K, 2 young (4096K), 2 survivors (4096K)
 Metaspace       used 29771K, committed 30336K, reserved 1114112K
  class space    used 3834K, committed 4096K, reserved 1048576K
}
Event: 11.335 GC heap before
{Heap before GC invocations=7 (full 0):
 garbage-first heap   total 55296K, used 41542K [0x0000000742000000, 0x0000000800000000)
  region size 2048K, 14 young (28672K), 2 survivors (4096K)
 Metaspace       used 34223K, committed 34816K, reserved 1114112K
  class space    used 4415K, committed 4672K, reserved 1048576K
}
Event: 11.352 GC heap after
{Heap after GC invocations=8 (full 0):
 garbage-first heap   total 55296K, used 18916K [0x0000000742000000, 0x0000000800000000)
  region size 2048K, 1 young (2048K), 1 survivors (2048K)
 Metaspace       used 34223K, committed 34816K, reserved 1114112K
  class space    used 4415K, committed 4672K, reserved 1048576K
}
Event: 11.557 GC heap before
{Heap before GC invocations=8 (full 0):
 garbage-first heap   total 55296K, used 20964K [0x0000000742000000, 0x0000000800000000)
  region size 2048K, 3 young (6144K), 1 survivors (2048K)
 Metaspace       used 35402K, committed 35968K, reserved 1114112K
  class space    used 4601K, committed 4864K, reserved 1048576K
}
Event: 11.562 GC heap after
{Heap after GC invocations=9 (full 0):
 garbage-first heap   total 55296K, used 18809K [0x0000000742000000, 0x0000000800000000)
  region size 2048K, 1 young (2048K), 1 survivors (2048K)
 Metaspace       used 35402K, committed 35968K, reserved 1114112K
  class space    used 4601K, committed 4864K, reserved 1048576K
}
Event: 13.906 GC heap before
{Heap before GC invocations=10 (full 0):
 garbage-first heap   total 55296K, used 45433K [0x0000000742000000, 0x0000000800000000)
  region size 2048K, 14 young (28672K), 1 survivors (2048K)
 Metaspace       used 46158K, committed 46784K, reserved 1114112K
  class space    used 5982K, committed 6272K, reserved 1048576K
}
Event: 13.917 GC heap after
{Heap after GC invocations=11 (full 0):
 garbage-first heap   total 55296K, used 21606K [0x0000000742000000, 0x0000000800000000)
  region size 2048K, 2 young (4096K), 2 survivors (4096K)
 Metaspace       used 46158K, committed 46784K, reserved 1114112K
  class space    used 5982K, committed 6272K, reserved 1048576K
}
Event: 15.148 GC heap before
{Heap before GC invocations=11 (full 0):
 garbage-first heap   total 55296K, used 44134K [0x0000000742000000, 0x0000000800000000)
  region size 2048K, 14 young (28672K), 2 survivors (4096K)
 Metaspace       used 53797K, committed 54400K, reserved 1114112K
  class space    used 7028K, committed 7296K, reserved 1048576K
}
Event: 15.161 GC heap after
{Heap after GC invocations=12 (full 0):
 garbage-first heap   total 55296K, used 23055K [0x0000000742000000, 0x0000000800000000)
  region size 2048K, 1 young (2048K), 1 survivors (2048K)
 Metaspace       used 53797K, committed 54400K, reserved 1114112K
  class space    used 7028K, committed 7296K, reserved 1048576K
}
Event: 16.199 GC heap before
{Heap before GC invocations=12 (full 0):
 garbage-first heap   total 55296K, used 45583K [0x0000000742000000, 0x0000000800000000)
  region size 2048K, 12 young (24576K), 1 survivors (2048K)
 Metaspace       used 59755K, committed 60416K, reserved 1114112K
  class space    used 8005K, committed 8320K, reserved 1048576K
}
Event: 16.205 GC heap after
{Heap after GC invocations=13 (full 0):
 garbage-first heap   total 55296K, used 24326K [0x0000000742000000, 0x0000000800000000)
  region size 2048K, 2 young (4096K), 2 survivors (4096K)
 Metaspace       used 59755K, committed 60416K, reserved 1114112K
  class space    used 8005K, committed 8320K, reserved 1048576K
}
Event: 16.211 GC heap before
{Heap before GC invocations=13 (full 0):
 garbage-first heap   total 55296K, used 24326K [0x0000000742000000, 0x0000000800000000)
  region size 2048K, 3 young (6144K), 2 survivors (4096K)
 Metaspace       used 59805K, committed 60416K, reserved 1114112K
  class space    used 8007K, committed 8320K, reserved 1048576K
}
Event: 16.217 GC heap after
{Heap after GC invocations=14 (full 0):
 garbage-first heap   total 55296K, used 24369K [0x0000000742000000, 0x0000000800000000)
  region size 2048K, 1 young (2048K), 1 survivors (2048K)
 Metaspace       used 59805K, committed 60416K, reserved 1114112K
  class space    used 8007K, committed 8320K, reserved 1048576K
}
Event: 17.475 GC heap before
{Heap before GC invocations=15 (full 0):
 garbage-first heap   total 55296K, used 46897K [0x0000000742000000, 0x0000000800000000)
  region size 2048K, 12 young (24576K), 1 survivors (2048K)
 Metaspace       used 63957K, committed 64640K, reserved 1114112K
  class space    used 8613K, committed 8896K, reserved 1048576K
}
Event: 17.484 GC heap after
{Heap after GC invocations=16 (full 0):
 garbage-first heap   total 67584K, used 26779K [0x0000000742000000, 0x0000000800000000)
  region size 2048K, 2 young (4096K), 2 survivors (4096K)
 Metaspace       used 63957K, committed 64640K, reserved 1114112K
  class space    used 8613K, committed 8896K, reserved 1048576K
}

